<?xml version="1.0" encoding="UTF-8"?>
<!-- Generated by org.testng.reporters.JUnitXMLReporter -->
<testsuite ignored="0" hostname="LAPTOP-78VNFUNQ" failures="0" tests="4" name="Firefox" time="19.397" errors="0" timestamp="2022-03-15T15:17:12 IST">
  <testcase classname="pack123.TestClass12" name="testA" time="0.001"/>
  <testcase classname="pack123.TestClass12" name="testB" time="0.001"/>
  <testcase classname="pack123.TestClass12" name="testC" time="0.001"/>
  <testcase classname="pack123.TestClass123" name="verifyUserTab" time="2.261"/>
</testsuite> <!-- Firefox -->
